<?xml version="1.0" encoding="UTF-8"?>
<beans xmlns="http://www.springframework.org/schema/beans"
	xmlns:xsi="http://www.w3.org/2001/XMLSchema-instance"
	xmlns:aop="http://www.springframework.org/schema/aop"
	xmlns:context="http://www.springframework.org/schema/context"
	xmlns:jpa="http://www.springframework.org/schema/data/jpa"
	xmlns:tx="http://www.springframework.org/schema/tx"
	xsi:schemaLocation="http://www.springframework.org/schema/beans http://www.springframework.org/schema/beans/spring-beans.xsd
		http://www.springframework.org/schema/aop http://www.springframework.org/schema/aop/spring-aop-4.1.xsd
		http://www.springframework.org/schema/context http://www.springframework.org/schema/context/spring-context-4.1.xsd
		http://www.springframework.org/schema/data/jpa http://www.springframework.org/schema/data/jpa/spring-jpa-1.8.xsd
		http://www.springframework.org/schema/tx http://www.springframework.org/schema/tx/spring-tx-4.0.xsd">


  <context:property-placeholder location="classpath:application.properties" />
  
  <context:annotation-config/>

  <!-- Business Beans -->
  <bean id="psNextRequestServiceBeanUser" class="be.smals.psnextrequest.service.users.PSNextRequestServiceBeanUser">
  </bean>
  <bean id="psNextRequestServiceBeanProject" class="be.smals.psnextrequest.service.projects.PSNextRequestServiceBeanProject">
  </bean>
  <bean id="psNextRequestServiceBeanTask" class="be.smals.psnextrequest.service.tasks.PSNextRequestServiceBeanTask">
  </bean>
  <bean id="psNextRequestServiceBeanRequest" class="be.smals.psnextrequest.service.requests.PSNextRequestServiceBeanRequest">
  </bean>
  
<!-- Ecrypting beans-->
  <bean id="encryptorConfiguration" class="org.jasypt.encryption.pbe.config.EnvironmentStringPBEConfig">
    <property name="algorithm" value="PBEWithMD5AndDES" />
    <property name="passwordSysPropertyName" value="beaver.encryption.password"/>
  </bean>
  <bean id="encryptor" class="org.jasypt.encryption.pbe.StandardPBEStringEncryptor">
    <property name="config" ref="encryptorConfiguration" />
    <property name="password" value="passwordValue"/>
  </bean>
  <!-- hibernate Encryptor for string -->
  <bean id="hibernateStringEncryptor" class="org.jasypt.hibernate4.encryptor.HibernatePBEStringEncryptor">
    <property name="encryptor" ref="encryptor"/>
    <property name="registeredName" value="hibernateStringEncryptor"/>
  </bean>
  


  <!-- Configuration beans -->
  <bean class="org.springframework.orm.jpa.support.PersistenceAnnotationBeanPostProcessor" />
 
  <bean id="transactionManager" class="org.springframework.orm.jpa.JpaTransactionManager">
    <property name="entityManagerFactory" ref="entityManagerFactory" />
    <property name="jpaDialect" ref="jpaDialect" />
    <property name="dataSource" ref="dataSource" />
  </bean>

  <bean id="entityManagerFactory" class="org.springframework.orm.jpa.LocalContainerEntityManagerFactoryBean">
    <property name="dataSource" ref="dataSource" />
    <property name="persistenceXmlLocation" value="META-INF/test-persistence.xml" />
    <property name="persistenceUnitName" value="PSNextRequestUnit" />
    <property name="jpaVendorAdapter" ref="jpaAdapter" />
  </bean>

  <bean id="jpaAdapter" class="org.springframework.orm.jpa.vendor.EclipseLinkJpaVendorAdapter">
    <property name="databasePlatform" value="org.eclipse.persistence.platform.database.MySQLPlatform" />
    <property name="showSql" value="true" />
  </bean>

<!--   <bean id="dataSource" class="org.unitils.database.UnitilsDataSourceFactoryBean" />
 -->
<!--   <bean id="dataSource" class="be.smals.stve.unitilsmodules.util.TransactionalUnitilsDataSourceFactoryBean" /> -->
  
  <!-- Datasource -->
	<bean id="dataSource" class="org.springframework.jdbc.datasource.DriverManagerDataSource">
		<property name="driverClassName" value="${jdbc.driverClassName}" />
		<property name="url" value="${jdbc.url}" />
		<property name="username" value="${jdbc.username}" />
		<property name="password" value="${jdbc.password}" />
	</bean>
	
  <bean id="jpaDialect" class="org.springframework.orm.jpa.vendor.EclipseLinkJpaDialect" />

</beans>
  